<?xml version="1.0" encoding="UTF-8"?>
<!-- Generated by org.testng.reporters.JUnitXMLReporter -->
<testsuite hostname="GUNA" ignored="0" name="Test" tests="1" failures="1" timestamp="2021-09-04T12:23:14 IST" time="32.631" errors="0">
  <testcase name="test" time="32.366" classname="com.WinPro.Records.CreateNewRecord_drop_accounts">
    <failure type="org.openqa.selenium.SessionNotCreatedException" message="session not created: This version of ChromeDriver only supports Chrome version 91
Current browser version is 93.0.4577.63 with binary path C:\Program Files\Google\Chrome\Application\chrome.exe
Build info: version: &amp;apos;3.141.59&amp;apos;, revision: &amp;apos;e82be7d358&amp;apos;, time: &amp;apos;2018-11-14T08:17:03&amp;apos;
System info: host: &amp;apos;GUNA&amp;apos;, ip: &amp;apos;192.168.74.1&amp;apos;, os.name: &amp;apos;Windows 10&amp;apos;, os.arch: &amp;apos;amd64&amp;apos;, os.version: &amp;apos;10.0&amp;apos;, java.version: &amp;apos;1.8.0_91&amp;apos;
Driver info: driver.version: ChromeDriver
remote stacktrace: Backtrace:
	Ordinal0 [0x00E42DB3+2502067]
	Ordinal0 [0x00DDC5B1+2082225]
	Ordinal0 [0x00CE2498+1057944]
	Ordinal0 [0x00D005DA+1181146]
	Ordinal0 [0x00CFC43C+1164348]
	Ordinal0 [0x00CF9C73+1154163]
	Ordinal0 [0x00D29A22+1350178]
	Ordinal0 [0x00D2967A+1349242]
	Ordinal0 [0x00D25BEB+1334251]
	Ordinal0 [0x00D02174+1188212]
	Ordinal0 [0x00D03009+1191945]
	GetHandleVerifier [0x00FBEC5C+1511084]
	GetHandleVerifier [0x01068522+2205554]
	GetHandleVerifier [0x00EC3393+480739]
	GetHandleVerifier [0x00EC2579+477129]
	Ordinal0 [0x00DE1E5D+2104925]
	Ordinal0 [0x00DE63F8+2122744]
	Ordinal0 [0x00DE6537+2123063]
	Ordinal0 [0x00DEEE53+2158163]
	BaseThreadInitThunk [0x7608FA29+25]
	RtlGetAppContainerNamedObjectPath [0x76FD7A7E+286]
	RtlGetAppContainerNamedObjectPath [0x76FD7A4E+238]
">
      <![CDATA[org.openqa.selenium.SessionNotCreatedException: session not created: This version of ChromeDriver only supports Chrome version 91
Current browser version is 93.0.4577.63 with binary path C:\Program Files\Google\Chrome\Application\chrome.exe
Build info: version: '3.141.59', revision: 'e82be7d358', time: '2018-11-14T08:17:03'
System info: host: 'GUNA', ip: '192.168.74.1', os.name: 'Windows 10', os.arch: 'amd64', os.version: '10.0', java.version: '1.8.0_91'
Driver info: driver.version: ChromeDriver
remote stacktrace: Backtrace:
Ordinal0 [0x00E42DB3+2502067]
Ordinal0 [0x00DDC5B1+2082225]
Ordinal0 [0x00CE2498+1057944]
Ordinal0 [0x00D005DA+1181146]
Ordinal0 [0x00CFC43C+1164348]
Ordinal0 [0x00CF9C73+1154163]
Ordinal0 [0x00D29A22+1350178]
Ordinal0 [0x00D2967A+1349242]
Ordinal0 [0x00D25BEB+1334251]
Ordinal0 [0x00D02174+1188212]
Ordinal0 [0x00D03009+1191945]
GetHandleVerifier [0x00FBEC5C+1511084]
GetHandleVerifier [0x01068522+2205554]
GetHandleVerifier [0x00EC3393+480739]
GetHandleVerifier [0x00EC2579+477129]
Ordinal0 [0x00DE1E5D+2104925]
Ordinal0 [0x00DE63F8+2122744]
Ordinal0 [0x00DE6537+2123063]
Ordinal0 [0x00DEEE53+2158163]
BaseThreadInitThunk [0x7608FA29+25]
RtlGetAppContainerNamedObjectPath [0x76FD7A7E+286]
RtlGetAppContainerNamedObjectPath [0x76FD7A4E+238]

at org.openqa.selenium.remote.W3CHandshakeResponse.lambda$errorHandler$0(W3CHandshakeResponse.java:62)
at org.openqa.selenium.remote.HandshakeResponse.lambda$getResponseFunction$0(HandshakeResponse.java:30)
at org.openqa.selenium.remote.ProtocolHandshake.lambda$createSession$0(ProtocolHandshake.java:126)
at java.util.stream.ReferencePipeline$3$1.accept(ReferencePipeline.java:193)
at java.util.Spliterators$ArraySpliterator.tryAdvance(Spliterators.java:958)
at java.util.stream.ReferencePipeline.forEachWithCancel(ReferencePipeline.java:126)
at java.util.stream.AbstractPipeline.copyIntoWithCancel(AbstractPipeline.java:498)
at java.util.stream.AbstractPipeline.copyInto(AbstractPipeline.java:485)
at java.util.stream.AbstractPipeline.wrapAndCopyInto(AbstractPipeline.java:471)
at java.util.stream.FindOps$FindOp.evaluateSequential(FindOps.java:152)
at java.util.stream.AbstractPipeline.evaluate(AbstractPipeline.java:234)
at java.util.stream.ReferencePipeline.findFirst(ReferencePipeline.java:464)
at org.openqa.selenium.remote.ProtocolHandshake.createSession(ProtocolHandshake.java:128)
at org.openqa.selenium.remote.ProtocolHandshake.createSession(ProtocolHandshake.java:74)
at org.openqa.selenium.remote.HttpCommandExecutor.execute(HttpCommandExecutor.java:136)
at org.openqa.selenium.remote.service.DriverCommandExecutor.execute(DriverCommandExecutor.java:83)
at org.openqa.selenium.remote.RemoteWebDriver.execute(RemoteWebDriver.java:552)
at org.openqa.selenium.remote.RemoteWebDriver.startSession(RemoteWebDriver.java:213)
at org.openqa.selenium.remote.RemoteWebDriver.<init>(RemoteWebDriver.java:131)
at org.openqa.selenium.chrome.ChromeDriver.<init>(ChromeDriver.java:181)
at org.openqa.selenium.chrome.ChromeDriver.<init>(ChromeDriver.java:168)
at org.openqa.selenium.chrome.ChromeDriver.<init>(ChromeDriver.java:123)
at com.WinPro.GenericLib.BaseTest.openbrowser(BaseTest.java:19)
at com.WinPro.Pages.Loginpage1.loginpage(Loginpage1.java:13)
at com.WinPro.Records.CreateNewRecord_drop_accounts.test(CreateNewRecord_drop_accounts.java:15)
at java.util.ArrayList.forEach(ArrayList.java:1249)
... Removed 31 stack frames]]>
    </failure>
  </testcase> <!-- test -->
</testsuite> <!-- Test -->
