<!DOCTYPE html PUBLIC "-//W3C//DTD XHTML 1.1//EN" "https://www.w3.org/TR/xhtml11/DTD/xhtml11.dtd">
<html xmlns="https://www.w3.org/1999/xhtml">
<head>
<meta http-equiv="content-type" content="text/html; charset=UTF-8"/>
<title>TestNG Report</title>
<style type="text/css">table {margin-bottom:10px;border-collapse:collapse;empty-cells:show}th,td {border:1px solid #009;padding:.25em .5em}th {vertical-align:bottom}td {vertical-align:top}table a {font-weight:bold}.stripe td {background-color: #E6EBF9}.num {text-align:right}.passedodd td {background-color: #3F3}.passedeven td {background-color: #0A0}.skippedodd td {background-color: #DDD}.skippedeven td {background-color: #CCC}.failedodd td,.attn {background-color: #F33}.failedeven td,.stripe .attn {background-color: #D00}.stacktrace {white-space:pre;font-family:monospace}.totop {font-size:85%;text-align:center;border-bottom:2px solid #000}.invisible {display:none}</style>
</head>
<body>
<table>
<tr><th>Test</th><th># Passed</th><th># Skipped</th><th># Retried</th><th># Failed</th><th>Time (ms)</th><th>Included Groups</th><th>Excluded Groups</th></tr>
<tr><th colspan="8">Suite</th></tr>
<tr><td><a href="#t0">Test</a></td><td class="num">0</td><td class="num">0</td><td class="num">0</td><td class="num attn">2</td><td class="num">149,621</td><td></td><td></td></tr>
</table>
<table id='summary'><thead><tr><th>Class</th><th>Method</th><th>Start</th><th>Time (ms)</th></tr></thead><tbody><tr><th colspan="4">Suite</th></tr></tbody><tbody id="t0"><tr><th colspan="4">Test &#8212; failed</th></tr><tr class="failedeven"><td rowspan="1">com.WinPro.Records.CreateNewRecord</td><td><a href="#m0">NewRecord</a></td><td rowspan="1">1631429870823</td><td rowspan="1">86024</td></tr><tr class="failedodd"><td rowspan="1">com.WinPro.Records.CreateNewRecord_drop_leads</td><td><a href="#m1">leads</a></td><td rowspan="1">1631429957167</td><td rowspan="1">63154</td></tr></tbody>
</table>
<h2>Test</h2><h3 id="m0">com.WinPro.Records.CreateNewRecord#NewRecord</h3><table class="result"><tr><th>Exception</th></tr><tr><td><div class="stacktrace">org.openqa.selenium.WebDriverException: chrome not reachable
Build info: version: &apos;3.141.59&apos;, revision: &apos;e82be7d358&apos;, time: &apos;2018-11-14T08:17:03&apos;
System info: host: &apos;GUNA&apos;, ip: &apos;192.168.74.1&apos;, os.name: &apos;Windows 10&apos;, os.arch: &apos;amd64&apos;, os.version: &apos;10.0&apos;, java.version: &apos;1.8.0_91&apos;
Driver info: driver.version: ChromeDriver
remote stacktrace: Backtrace:
	Ordinal0 [0x00D8A2D3+2663123]
	Ordinal0 [0x00D1A491+2204817]
	Ordinal0 [0x00C01FE0+1056736]
	Ordinal0 [0x00BF6F95+1011605]
	Ordinal0 [0x00C1FD61+1178977]
	Ordinal0 [0x00C1C335+1164085]
	Ordinal0 [0x00C19B7F+1153919]
	Ordinal0 [0x00C49D8F+1351055]
	Ordinal0 [0x00C499FA+1350138]
	Ordinal0 [0x00C4589B+1333403]
	Ordinal0 [0x00C21F74+1187700]
	Ordinal0 [0x00C22DC9+1191369]
	GetHandleVerifier [0x00F230D6+1610054]
	GetHandleVerifier [0x00FCB53B+2299307]
	GetHandleVerifier [0x00E18DA9+519705]
	GetHandleVerifier [0x00E17759+513993]
	Ordinal0 [0x00D2112D+2232621]
	Ordinal0 [0x00D255F8+2250232]
	Ordinal0 [0x00D25732+2250546]
	Ordinal0 [0x00D2E591+2286993]
	BaseThreadInitThunk [0x75C5FA29+25]
	RtlGetAppContainerNamedObjectPath [0x77A87A7E+286]
	RtlGetAppContainerNamedObjectPath [0x77A87A4E+238]

	at org.openqa.selenium.remote.W3CHandshakeResponse.lambda$errorHandler$0(W3CHandshakeResponse.java:62)
	at org.openqa.selenium.remote.HandshakeResponse.lambda$getResponseFunction$0(HandshakeResponse.java:30)
	at org.openqa.selenium.remote.ProtocolHandshake.lambda$createSession$0(ProtocolHandshake.java:126)
	at java.util.stream.ReferencePipeline$3$1.accept(ReferencePipeline.java:193)
	at java.util.Spliterators$ArraySpliterator.tryAdvance(Spliterators.java:958)
	at java.util.stream.ReferencePipeline.forEachWithCancel(ReferencePipeline.java:126)
	at java.util.stream.AbstractPipeline.copyIntoWithCancel(AbstractPipeline.java:498)
	at java.util.stream.AbstractPipeline.copyInto(AbstractPipeline.java:485)
	at java.util.stream.AbstractPipeline.wrapAndCopyInto(AbstractPipeline.java:471)
	at java.util.stream.FindOps$FindOp.evaluateSequential(FindOps.java:152)
	at java.util.stream.AbstractPipeline.evaluate(AbstractPipeline.java:234)
	at java.util.stream.ReferencePipeline.findFirst(ReferencePipeline.java:464)
	at org.openqa.selenium.remote.ProtocolHandshake.createSession(ProtocolHandshake.java:128)
	at org.openqa.selenium.remote.ProtocolHandshake.createSession(ProtocolHandshake.java:74)
	at org.openqa.selenium.remote.HttpCommandExecutor.execute(HttpCommandExecutor.java:136)
	at org.openqa.selenium.remote.service.DriverCommandExecutor.execute(DriverCommandExecutor.java:83)
	at org.openqa.selenium.remote.RemoteWebDriver.execute(RemoteWebDriver.java:552)
	at org.openqa.selenium.remote.RemoteWebDriver.startSession(RemoteWebDriver.java:213)
	at org.openqa.selenium.remote.RemoteWebDriver.&lt;init&gt;(RemoteWebDriver.java:131)
	at org.openqa.selenium.chrome.ChromeDriver.&lt;init&gt;(ChromeDriver.java:181)
	at org.openqa.selenium.chrome.ChromeDriver.&lt;init&gt;(ChromeDriver.java:168)
	at org.openqa.selenium.chrome.ChromeDriver.&lt;init&gt;(ChromeDriver.java:123)
	at com.WinPro.GenericLib.BaseTest.openbrowser(BaseTest.java:19)
	at com.WinPro.Pages.Loginpage1.loginpage(Loginpage1.java:13)
	at com.WinPro.Records.CreateNewRecord.NewRecord(CreateNewRecord.java:13)
	at java.util.ArrayList.forEach(ArrayList.java:1249)
... Removed 31 stack frames</div></td></tr></table><p class="totop"><a href="#summary">back to summary</a></p>
<h3 id="m1">com.WinPro.Records.CreateNewRecord_drop_leads#leads</h3><table class="result"><tr><th>Exception</th></tr><tr><td><div class="stacktrace">org.openqa.selenium.WebDriverException: unknown error: DevToolsActivePort file doesn&apos;t exist
Build info: version: &apos;3.141.59&apos;, revision: &apos;e82be7d358&apos;, time: &apos;2018-11-14T08:17:03&apos;
System info: host: &apos;GUNA&apos;, ip: &apos;192.168.74.1&apos;, os.name: &apos;Windows 10&apos;, os.arch: &apos;amd64&apos;, os.version: &apos;10.0&apos;, java.version: &apos;1.8.0_91&apos;
Driver info: driver.version: ChromeDriver
remote stacktrace: Backtrace:
	Ordinal0 [0x00D8A2D3+2663123]
	Ordinal0 [0x00D1A491+2204817]
	Ordinal0 [0x00C02118+1057048]
	Ordinal0 [0x00C1F792+1177490]
	Ordinal0 [0x00C1C119+1163545]
	Ordinal0 [0x00C19B7F+1153919]
	Ordinal0 [0x00C49D8F+1351055]
	Ordinal0 [0x00C499FA+1350138]
	Ordinal0 [0x00C4589B+1333403]
	Ordinal0 [0x00C21F74+1187700]
	Ordinal0 [0x00C22DC9+1191369]
	GetHandleVerifier [0x00F230D6+1610054]
	GetHandleVerifier [0x00FCB53B+2299307]
	GetHandleVerifier [0x00E18DA9+519705]
	GetHandleVerifier [0x00E17759+513993]
	Ordinal0 [0x00D2112D+2232621]
	Ordinal0 [0x00D255F8+2250232]
	Ordinal0 [0x00D25732+2250546]
	Ordinal0 [0x00D2E591+2286993]
	BaseThreadInitThunk [0x75C5FA29+25]
	RtlGetAppContainerNamedObjectPath [0x77A87A7E+286]
	RtlGetAppContainerNamedObjectPath [0x77A87A4E+238]

	at org.openqa.selenium.remote.W3CHandshakeResponse.lambda$errorHandler$0(W3CHandshakeResponse.java:62)
	at org.openqa.selenium.remote.HandshakeResponse.lambda$getResponseFunction$0(HandshakeResponse.java:30)
	at org.openqa.selenium.remote.ProtocolHandshake.lambda$createSession$0(ProtocolHandshake.java:126)
	at java.util.stream.ReferencePipeline$3$1.accept(ReferencePipeline.java:193)
	at java.util.Spliterators$ArraySpliterator.tryAdvance(Spliterators.java:958)
	at java.util.stream.ReferencePipeline.forEachWithCancel(ReferencePipeline.java:126)
	at java.util.stream.AbstractPipeline.copyIntoWithCancel(AbstractPipeline.java:498)
	at java.util.stream.AbstractPipeline.copyInto(AbstractPipeline.java:485)
	at java.util.stream.AbstractPipeline.wrapAndCopyInto(AbstractPipeline.java:471)
	at java.util.stream.FindOps$FindOp.evaluateSequential(FindOps.java:152)
	at java.util.stream.AbstractPipeline.evaluate(AbstractPipeline.java:234)
	at java.util.stream.ReferencePipeline.findFirst(ReferencePipeline.java:464)
	at org.openqa.selenium.remote.ProtocolHandshake.createSession(ProtocolHandshake.java:128)
	at org.openqa.selenium.remote.ProtocolHandshake.createSession(ProtocolHandshake.java:74)
	at org.openqa.selenium.remote.HttpCommandExecutor.execute(HttpCommandExecutor.java:136)
	at org.openqa.selenium.remote.service.DriverCommandExecutor.execute(DriverCommandExecutor.java:83)
	at org.openqa.selenium.remote.RemoteWebDriver.execute(RemoteWebDriver.java:552)
	at org.openqa.selenium.remote.RemoteWebDriver.startSession(RemoteWebDriver.java:213)
	at org.openqa.selenium.remote.RemoteWebDriver.&lt;init&gt;(RemoteWebDriver.java:131)
	at org.openqa.selenium.chrome.ChromeDriver.&lt;init&gt;(ChromeDriver.java:181)
	at org.openqa.selenium.chrome.ChromeDriver.&lt;init&gt;(ChromeDriver.java:168)
	at org.openqa.selenium.chrome.ChromeDriver.&lt;init&gt;(ChromeDriver.java:123)
	at com.WinPro.GenericLib.BaseTest.openbrowser(BaseTest.java:19)
	at com.WinPro.Pages.Loginpage1.loginpage(Loginpage1.java:13)
	at com.WinPro.Records.CreateNewRecord_drop_leads.leads(CreateNewRecord_drop_leads.java:17)
	at java.util.ArrayList.forEach(ArrayList.java:1249)
... Removed 31 stack frames</div></td></tr></table><p class="totop"><a href="#summary">back to summary</a></p>
</body>
</html>
