<?xml version="1.0" encoding="UTF-8"?>
<testng-results skipped="0" failed="2" ignored="0" total="2" passed="0">
  <reporter-output>
  </reporter-output>
  <suite name="Suite" duration-ms="149621" started-at="2021-09-12T12:27:50 IST" finished-at="2021-09-12T12:30:20 IST">
    <groups>
    </groups>
    <test name="Test" duration-ms="149621" started-at="2021-09-12T12:27:50 IST" finished-at="2021-09-12T12:30:20 IST">
      <class name="com.WinPro.Records.CreateNewRecord">
        <test-method status="FAIL" signature="NewRecord()[pri:0, instance:com.WinPro.Records.CreateNewRecord@3578436e]" name="NewRecord" duration-ms="86024" started-at="2021-09-12T12:27:50 IST" finished-at="2021-09-12T12:29:16 IST">
          <exception class="org.openqa.selenium.WebDriverException">
            <message>
              <![CDATA[chrome not reachable
Build info: version: '3.141.59', revision: 'e82be7d358', time: '2018-11-14T08:17:03'
System info: host: 'GUNA', ip: '192.168.74.1', os.name: 'Windows 10', os.arch: 'amd64', os.version: '10.0', java.version: '1.8.0_91'
Driver info: driver.version: ChromeDriver
remote stacktrace: Backtrace:
Ordinal0 [0x00D8A2D3+2663123]
Ordinal0 [0x00D1A491+2204817]
Ordinal0 [0x00C01FE0+1056736]
Ordinal0 [0x00BF6F95+1011605]
Ordinal0 [0x00C1FD61+1178977]
Ordinal0 [0x00C1C335+1164085]
Ordinal0 [0x00C19B7F+1153919]
Ordinal0 [0x00C49D8F+1351055]
Ordinal0 [0x00C499FA+1350138]
Ordinal0 [0x00C4589B+1333403]
Ordinal0 [0x00C21F74+1187700]
Ordinal0 [0x00C22DC9+1191369]
GetHandleVerifier [0x00F230D6+1610054]
GetHandleVerifier [0x00FCB53B+2299307]
GetHandleVerifier [0x00E18DA9+519705]
GetHandleVerifier [0x00E17759+513993]
Ordinal0 [0x00D2112D+2232621]
Ordinal0 [0x00D255F8+2250232]
Ordinal0 [0x00D25732+2250546]
Ordinal0 [0x00D2E591+2286993]
BaseThreadInitThunk [0x75C5FA29+25]
RtlGetAppContainerNamedObjectPath [0x77A87A7E+286]
RtlGetAppContainerNamedObjectPath [0x77A87A4E+238]
]]>
            </message>
            <full-stacktrace>
              <![CDATA[org.openqa.selenium.WebDriverException: chrome not reachable
Build info: version: '3.141.59', revision: 'e82be7d358', time: '2018-11-14T08:17:03'
System info: host: 'GUNA', ip: '192.168.74.1', os.name: 'Windows 10', os.arch: 'amd64', os.version: '10.0', java.version: '1.8.0_91'
Driver info: driver.version: ChromeDriver
remote stacktrace: Backtrace:
Ordinal0 [0x00D8A2D3+2663123]
Ordinal0 [0x00D1A491+2204817]
Ordinal0 [0x00C01FE0+1056736]
Ordinal0 [0x00BF6F95+1011605]
Ordinal0 [0x00C1FD61+1178977]
Ordinal0 [0x00C1C335+1164085]
Ordinal0 [0x00C19B7F+1153919]
Ordinal0 [0x00C49D8F+1351055]
Ordinal0 [0x00C499FA+1350138]
Ordinal0 [0x00C4589B+1333403]
Ordinal0 [0x00C21F74+1187700]
Ordinal0 [0x00C22DC9+1191369]
GetHandleVerifier [0x00F230D6+1610054]
GetHandleVerifier [0x00FCB53B+2299307]
GetHandleVerifier [0x00E18DA9+519705]
GetHandleVerifier [0x00E17759+513993]
Ordinal0 [0x00D2112D+2232621]
Ordinal0 [0x00D255F8+2250232]
Ordinal0 [0x00D25732+2250546]
Ordinal0 [0x00D2E591+2286993]
BaseThreadInitThunk [0x75C5FA29+25]
RtlGetAppContainerNamedObjectPath [0x77A87A7E+286]
RtlGetAppContainerNamedObjectPath [0x77A87A4E+238]

at sun.reflect.NativeConstructorAccessorImpl.newInstance0(Native Method)
at sun.reflect.NativeConstructorAccessorImpl.newInstance(NativeConstructorAccessorImpl.java:62)
at sun.reflect.DelegatingConstructorAccessorImpl.newInstance(DelegatingConstructorAccessorImpl.java:45)
at java.lang.reflect.Constructor.newInstance(Constructor.java:423)
at org.openqa.selenium.remote.W3CHandshakeResponse.lambda$errorHandler$0(W3CHandshakeResponse.java:62)
at org.openqa.selenium.remote.HandshakeResponse.lambda$getResponseFunction$0(HandshakeResponse.java:30)
at org.openqa.selenium.remote.ProtocolHandshake.lambda$createSession$0(ProtocolHandshake.java:126)
at java.util.stream.ReferencePipeline$3$1.accept(ReferencePipeline.java:193)
at java.util.Spliterators$ArraySpliterator.tryAdvance(Spliterators.java:958)
at java.util.stream.ReferencePipeline.forEachWithCancel(ReferencePipeline.java:126)
at java.util.stream.AbstractPipeline.copyIntoWithCancel(AbstractPipeline.java:498)
at java.util.stream.AbstractPipeline.copyInto(AbstractPipeline.java:485)
at java.util.stream.AbstractPipeline.wrapAndCopyInto(AbstractPipeline.java:471)
at java.util.stream.FindOps$FindOp.evaluateSequential(FindOps.java:152)
at java.util.stream.AbstractPipeline.evaluate(AbstractPipeline.java:234)
at java.util.stream.ReferencePipeline.findFirst(ReferencePipeline.java:464)
at org.openqa.selenium.remote.ProtocolHandshake.createSession(ProtocolHandshake.java:128)
at org.openqa.selenium.remote.ProtocolHandshake.createSession(ProtocolHandshake.java:74)
at org.openqa.selenium.remote.HttpCommandExecutor.execute(HttpCommandExecutor.java:136)
at org.openqa.selenium.remote.service.DriverCommandExecutor.execute(DriverCommandExecutor.java:83)
at org.openqa.selenium.remote.RemoteWebDriver.execute(RemoteWebDriver.java:552)
at org.openqa.selenium.remote.RemoteWebDriver.startSession(RemoteWebDriver.java:213)
at org.openqa.selenium.remote.RemoteWebDriver.<init>(RemoteWebDriver.java:131)
at org.openqa.selenium.chrome.ChromeDriver.<init>(ChromeDriver.java:181)
at org.openqa.selenium.chrome.ChromeDriver.<init>(ChromeDriver.java:168)
at org.openqa.selenium.chrome.ChromeDriver.<init>(ChromeDriver.java:123)
at com.WinPro.GenericLib.BaseTest.openbrowser(BaseTest.java:19)
at com.WinPro.Pages.Loginpage1.loginpage(Loginpage1.java:13)
at com.WinPro.Records.CreateNewRecord.NewRecord(CreateNewRecord.java:13)
at sun.reflect.NativeMethodAccessorImpl.invoke0(Native Method)
at sun.reflect.NativeMethodAccessorImpl.invoke(NativeMethodAccessorImpl.java:62)
at sun.reflect.DelegatingMethodAccessorImpl.invoke(DelegatingMethodAccessorImpl.java:43)
at java.lang.reflect.Method.invoke(Method.java:498)
at org.testng.internal.MethodInvocationHelper.invokeMethod(MethodInvocationHelper.java:133)
at org.testng.internal.TestInvoker.invokeMethod(TestInvoker.java:598)
at org.testng.internal.TestInvoker.invokeTestMethod(TestInvoker.java:173)
at org.testng.internal.MethodRunner.runInSequence(MethodRunner.java:46)
at org.testng.internal.TestInvoker$MethodInvocationAgent.invoke(TestInvoker.java:824)
at org.testng.internal.TestInvoker.invokeTestMethods(TestInvoker.java:146)
at org.testng.internal.TestMethodWorker.invokeTestMethods(TestMethodWorker.java:146)
at org.testng.internal.TestMethodWorker.run(TestMethodWorker.java:128)
at java.util.ArrayList.forEach(ArrayList.java:1249)
at org.testng.TestRunner.privateRun(TestRunner.java:794)
at org.testng.TestRunner.run(TestRunner.java:596)
at org.testng.SuiteRunner.runTest(SuiteRunner.java:377)
at org.testng.SuiteRunner.runSequentially(SuiteRunner.java:371)
at org.testng.SuiteRunner.privateRun(SuiteRunner.java:332)
at org.testng.SuiteRunner.run(SuiteRunner.java:276)
at org.testng.SuiteRunnerWorker.runSuite(SuiteRunnerWorker.java:53)
at org.testng.SuiteRunnerWorker.run(SuiteRunnerWorker.java:96)
at org.testng.TestNG.runSuitesSequentially(TestNG.java:1212)
at org.testng.TestNG.runSuitesLocally(TestNG.java:1134)
at org.testng.TestNG.runSuites(TestNG.java:1063)
at org.testng.TestNG.run(TestNG.java:1031)
at org.testng.remote.AbstractRemoteTestNG.run(AbstractRemoteTestNG.java:115)
at org.testng.remote.RemoteTestNG.initAndRun(RemoteTestNG.java:251)
at org.testng.remote.RemoteTestNG.main(RemoteTestNG.java:77)
]]>
            </full-stacktrace>
          </exception> <!-- org.openqa.selenium.WebDriverException -->
          <reporter-output>
          </reporter-output>
        </test-method> <!-- NewRecord -->
      </class> <!-- com.WinPro.Records.CreateNewRecord -->
      <class name="com.WinPro.Records.CreateNewRecord_drop_leads">
        <test-method status="FAIL" signature="leads()[pri:0, instance:com.WinPro.Records.CreateNewRecord_drop_leads@306279ee]" name="leads" duration-ms="63154" started-at="2021-09-12T12:29:17 IST" finished-at="2021-09-12T12:30:20 IST">
          <exception class="org.openqa.selenium.WebDriverException">
            <message>
              <![CDATA[unknown error: DevToolsActivePort file doesn't exist
Build info: version: '3.141.59', revision: 'e82be7d358', time: '2018-11-14T08:17:03'
System info: host: 'GUNA', ip: '192.168.74.1', os.name: 'Windows 10', os.arch: 'amd64', os.version: '10.0', java.version: '1.8.0_91'
Driver info: driver.version: ChromeDriver
remote stacktrace: Backtrace:
Ordinal0 [0x00D8A2D3+2663123]
Ordinal0 [0x00D1A491+2204817]
Ordinal0 [0x00C02118+1057048]
Ordinal0 [0x00C1F792+1177490]
Ordinal0 [0x00C1C119+1163545]
Ordinal0 [0x00C19B7F+1153919]
Ordinal0 [0x00C49D8F+1351055]
Ordinal0 [0x00C499FA+1350138]
Ordinal0 [0x00C4589B+1333403]
Ordinal0 [0x00C21F74+1187700]
Ordinal0 [0x00C22DC9+1191369]
GetHandleVerifier [0x00F230D6+1610054]
GetHandleVerifier [0x00FCB53B+2299307]
GetHandleVerifier [0x00E18DA9+519705]
GetHandleVerifier [0x00E17759+513993]
Ordinal0 [0x00D2112D+2232621]
Ordinal0 [0x00D255F8+2250232]
Ordinal0 [0x00D25732+2250546]
Ordinal0 [0x00D2E591+2286993]
BaseThreadInitThunk [0x75C5FA29+25]
RtlGetAppContainerNamedObjectPath [0x77A87A7E+286]
RtlGetAppContainerNamedObjectPath [0x77A87A4E+238]
]]>
            </message>
            <full-stacktrace>
              <![CDATA[org.openqa.selenium.WebDriverException: unknown error: DevToolsActivePort file doesn't exist
Build info: version: '3.141.59', revision: 'e82be7d358', time: '2018-11-14T08:17:03'
System info: host: 'GUNA', ip: '192.168.74.1', os.name: 'Windows 10', os.arch: 'amd64', os.version: '10.0', java.version: '1.8.0_91'
Driver info: driver.version: ChromeDriver
remote stacktrace: Backtrace:
Ordinal0 [0x00D8A2D3+2663123]
Ordinal0 [0x00D1A491+2204817]
Ordinal0 [0x00C02118+1057048]
Ordinal0 [0x00C1F792+1177490]
Ordinal0 [0x00C1C119+1163545]
Ordinal0 [0x00C19B7F+1153919]
Ordinal0 [0x00C49D8F+1351055]
Ordinal0 [0x00C499FA+1350138]
Ordinal0 [0x00C4589B+1333403]
Ordinal0 [0x00C21F74+1187700]
Ordinal0 [0x00C22DC9+1191369]
GetHandleVerifier [0x00F230D6+1610054]
GetHandleVerifier [0x00FCB53B+2299307]
GetHandleVerifier [0x00E18DA9+519705]
GetHandleVerifier [0x00E17759+513993]
Ordinal0 [0x00D2112D+2232621]
Ordinal0 [0x00D255F8+2250232]
Ordinal0 [0x00D25732+2250546]
Ordinal0 [0x00D2E591+2286993]
BaseThreadInitThunk [0x75C5FA29+25]
RtlGetAppContainerNamedObjectPath [0x77A87A7E+286]
RtlGetAppContainerNamedObjectPath [0x77A87A4E+238]

at sun.reflect.NativeConstructorAccessorImpl.newInstance0(Native Method)
at sun.reflect.NativeConstructorAccessorImpl.newInstance(NativeConstructorAccessorImpl.java:62)
at sun.reflect.DelegatingConstructorAccessorImpl.newInstance(DelegatingConstructorAccessorImpl.java:45)
at java.lang.reflect.Constructor.newInstance(Constructor.java:423)
at org.openqa.selenium.remote.W3CHandshakeResponse.lambda$errorHandler$0(W3CHandshakeResponse.java:62)
at org.openqa.selenium.remote.HandshakeResponse.lambda$getResponseFunction$0(HandshakeResponse.java:30)
at org.openqa.selenium.remote.ProtocolHandshake.lambda$createSession$0(ProtocolHandshake.java:126)
at java.util.stream.ReferencePipeline$3$1.accept(ReferencePipeline.java:193)
at java.util.Spliterators$ArraySpliterator.tryAdvance(Spliterators.java:958)
at java.util.stream.ReferencePipeline.forEachWithCancel(ReferencePipeline.java:126)
at java.util.stream.AbstractPipeline.copyIntoWithCancel(AbstractPipeline.java:498)
at java.util.stream.AbstractPipeline.copyInto(AbstractPipeline.java:485)
at java.util.stream.AbstractPipeline.wrapAndCopyInto(AbstractPipeline.java:471)
at java.util.stream.FindOps$FindOp.evaluateSequential(FindOps.java:152)
at java.util.stream.AbstractPipeline.evaluate(AbstractPipeline.java:234)
at java.util.stream.ReferencePipeline.findFirst(ReferencePipeline.java:464)
at org.openqa.selenium.remote.ProtocolHandshake.createSession(ProtocolHandshake.java:128)
at org.openqa.selenium.remote.ProtocolHandshake.createSession(ProtocolHandshake.java:74)
at org.openqa.selenium.remote.HttpCommandExecutor.execute(HttpCommandExecutor.java:136)
at org.openqa.selenium.remote.service.DriverCommandExecutor.execute(DriverCommandExecutor.java:83)
at org.openqa.selenium.remote.RemoteWebDriver.execute(RemoteWebDriver.java:552)
at org.openqa.selenium.remote.RemoteWebDriver.startSession(RemoteWebDriver.java:213)
at org.openqa.selenium.remote.RemoteWebDriver.<init>(RemoteWebDriver.java:131)
at org.openqa.selenium.chrome.ChromeDriver.<init>(ChromeDriver.java:181)
at org.openqa.selenium.chrome.ChromeDriver.<init>(ChromeDriver.java:168)
at org.openqa.selenium.chrome.ChromeDriver.<init>(ChromeDriver.java:123)
at com.WinPro.GenericLib.BaseTest.openbrowser(BaseTest.java:19)
at com.WinPro.Pages.Loginpage1.loginpage(Loginpage1.java:13)
at com.WinPro.Records.CreateNewRecord_drop_leads.leads(CreateNewRecord_drop_leads.java:17)
at sun.reflect.NativeMethodAccessorImpl.invoke0(Native Method)
at sun.reflect.NativeMethodAccessorImpl.invoke(NativeMethodAccessorImpl.java:62)
at sun.reflect.DelegatingMethodAccessorImpl.invoke(DelegatingMethodAccessorImpl.java:43)
at java.lang.reflect.Method.invoke(Method.java:498)
at org.testng.internal.MethodInvocationHelper.invokeMethod(MethodInvocationHelper.java:133)
at org.testng.internal.TestInvoker.invokeMethod(TestInvoker.java:598)
at org.testng.internal.TestInvoker.invokeTestMethod(TestInvoker.java:173)
at org.testng.internal.MethodRunner.runInSequence(MethodRunner.java:46)
at org.testng.internal.TestInvoker$MethodInvocationAgent.invoke(TestInvoker.java:824)
at org.testng.internal.TestInvoker.invokeTestMethods(TestInvoker.java:146)
at org.testng.internal.TestMethodWorker.invokeTestMethods(TestMethodWorker.java:146)
at org.testng.internal.TestMethodWorker.run(TestMethodWorker.java:128)
at java.util.ArrayList.forEach(ArrayList.java:1249)
at org.testng.TestRunner.privateRun(TestRunner.java:794)
at org.testng.TestRunner.run(TestRunner.java:596)
at org.testng.SuiteRunner.runTest(SuiteRunner.java:377)
at org.testng.SuiteRunner.runSequentially(SuiteRunner.java:371)
at org.testng.SuiteRunner.privateRun(SuiteRunner.java:332)
at org.testng.SuiteRunner.run(SuiteRunner.java:276)
at org.testng.SuiteRunnerWorker.runSuite(SuiteRunnerWorker.java:53)
at org.testng.SuiteRunnerWorker.run(SuiteRunnerWorker.java:96)
at org.testng.TestNG.runSuitesSequentially(TestNG.java:1212)
at org.testng.TestNG.runSuitesLocally(TestNG.java:1134)
at org.testng.TestNG.runSuites(TestNG.java:1063)
at org.testng.TestNG.run(TestNG.java:1031)
at org.testng.remote.AbstractRemoteTestNG.run(AbstractRemoteTestNG.java:115)
at org.testng.remote.RemoteTestNG.initAndRun(RemoteTestNG.java:251)
at org.testng.remote.RemoteTestNG.main(RemoteTestNG.java:77)
]]>
            </full-stacktrace>
          </exception> <!-- org.openqa.selenium.WebDriverException -->
          <reporter-output>
          </reporter-output>
        </test-method> <!-- leads -->
      </class> <!-- com.WinPro.Records.CreateNewRecord_drop_leads -->
    </test> <!-- Test -->
  </suite> <!-- Suite -->
</testng-results>
